C51 COMPILER V9.01   BUJINDIANJI                                                           03/10/2016 17:30:53 PAGE 1   


C51 COMPILER V9.01, COMPILATION OF MODULE BUJINDIANJI
OBJECT MODULE PLACED IN .\bujindianji.obj
COMPILER INVOKED BY: D:\Keil\C51\BIN\C51.EXE E:\我的程序\bujindianji.c BROWSE DEBUG OBJECTEXTEND PRINT(.\bujindianji.lst
                    -) OBJECT(.\bujindianji.obj)

line level    source

   1          #include<reg52.h>
   2          char nn[]={0x01,0x03,0x02,0x06,0x04,0x0c,0x08,0x09};
   3          unsigned int i,j;
   4          void main()
   5          {       
   6   1              EA=1;
   7   1              ET0=1;
   8   1              TMOD=0x01;
   9   1              TH0=0;   //     设置初始值
  10   1              TL0=0;   
  11   1              TR0=1;  //定时器T0计数
  12   1              P1=0X01;          
  13   1              while(1);
  14   1      }
  15          void aa()interrupt 1
  16          {
  17   1              TR0=0;
  18   1              TH0=0; //  重设
  19   1              TH0=0; 
  20   1              i++;
  21   1              if(i==20)
  22   1              {
  23   2              i=0;
  24   2              j++;    
  25   2              P1=nn[j];
  26   2              if(j>7)
  27   2              {
  28   3                      j=0     ;
  29   3              }
  30   2              
  31   2              }
  32   1              
  33   1      }
  34          
  35          
  36          
  37          
  38          
  39          
  40          
  41          
  42          


MODULE INFORMATION:   STATIC OVERLAYABLE
   CODE SIZE        =     92    ----
   CONSTANT SIZE    =   ----    ----
   XDATA SIZE       =   ----    ----
   PDATA SIZE       =   ----    ----
   DATA SIZE        =     12    ----
   IDATA SIZE       =   ----    ----
   BIT SIZE         =   ----    ----
END OF MODULE INFORMATION.


C51 COMPILATION COMPLETE.  0 WARNING(S),  0 ERROR(S)
