C51 COMPILER V9.54   MAIN                                                                  11/03/2024 13:37:18 PAGE 1   


C51 COMPILER V9.54, COMPILATION OF MODULE MAIN
OBJECT MODULE PLACED IN .\Objects\main.obj
COMPILER INVOKED BY: E:\keil5\C51\BIN\C51.EXE main.c OPTIMIZE(8,SPEED) BROWSE DEBUG OBJECTEXTEND PRINT(.\Listings\main.l
                    -st) TABS(2) OBJECT(.\Objects\main.obj)

line level    source

   1          /*******************************************************************************
   2          * 实 验 名     : 矩阵键盘实验
   3          * 使用的IO       : 数码管使用P0,键盘使用P3.0、P3.1、P3.2、P3.3
   4          * 实验效果       : 按矩阵键盘分别显示在数码管上面显示十六进制的0到F。
   5          * 注    意     ：
   6          *******************************************************************************/
   7          #include<reg51.h>
   8          
   9          #define GPIO_DIG P1
  10          #define GPIO_KEY P3
  11          
  12          sbit LSA=P2^2;
  13          sbit LSB=P2^3;
  14          sbit LSC=P2^4;
  15          
  16          //unsigned char code DIG_CODE[17]={
  17          //0x3f,0x06,0x5b,0x4f,0x66,0x6d,0x7d,0x07,
  18          //0x7f,0x6f,0x77,0x7c,0x39,0x5e,0x79,0x71};
  19          //0、1、2、3、4、5、6、7、8、9、A、b、C、d、E、F的显示码
  20          
  21          unsigned char code DIG_CODE[17]={
  22          0xff,0x7f,0xbf,0xdf,0xef,0xf7,0xfb,0xfd,0xfe,0xff};
  23          
  24          unsigned char KeyValue;
  25          //用来存放读取到的键值
  26          void Delay10ms();   //延时10ms
  27          void KeyDown();    //检测按键函数
  28           void Delay(unsigned int a);
  29          /*******************************************************************************
  30          * 函 数 名         : main
  31          * 函数功能       : 主函数
  32          * 输    入         : 无
  33          * 输    出         : 无
  34          *******************************************************************************/
  35          void main(void)
  36          {
  37   1        LSA=0; //给一个数码管提供位选
  38   1        LSB=0;
  39   1        LSC=0;
  40   1        while(1)
  41   1        {
  42   2          //led=0;Delay(1000);
  43   2          //led=1;Delay(1000);
  44   2          KeyDown();
  45   2          GPIO_DIG=DIG_CODE[KeyValue];
  46   2        }       
  47   1      }
  48          /*******************************************************************************
  49          * 函 数 名         : KeyDown
  50          * 函数功能       : 检测有按键按下并读取键值
  51          * 输    入         : 无
  52          * 输    出         : 无
  53          *******************************************************************************/
  54          void KeyDown(void)
C51 COMPILER V9.54   MAIN                                                                  11/03/2024 13:37:18 PAGE 2   

  55          {
  56   1        char a=0;
  57   1        GPIO_KEY=0x0f;
  58   1        if(GPIO_KEY!=0x0f)//读取按键是否按下
  59   1        {
  60   2          Delay10ms();//延时10ms进行消抖
  61   2          if(GPIO_KEY!=0x0f)//再次检测键盘是否按下
  62   2          {
  63   3            
  64   3            //测试列
  65   3            GPIO_KEY=0X0F;
  66   3            switch(GPIO_KEY)
  67   3            {
  68   4              case(0X07): KeyValue=0;break;
  69   4              case(0X0b): KeyValue=1;break;
  70   4              case(0X0d): KeyValue=2;break;
  71   4              case(0X0e): KeyValue=3;break;
  72   4            }
  73   3            //测试行
  74   3            GPIO_KEY=0XF0;
  75   3            switch(GPIO_KEY)
  76   3            {
  77   4              case(0X70): KeyValue=KeyValue;break;
  78   4              case(0Xb0): KeyValue=KeyValue+4;break;
  79   4              case(0Xd0): KeyValue=KeyValue+8;break;
  80   4              case(0Xe0): KeyValue=KeyValue+12;break;
  81   4            }
  82   3            while((a<50)&&(GPIO_KEY!=0xf0))  //检测按键松手检测
  83   3            {
  84   4              Delay10ms();
  85   4              a++;
  86   4            }
  87   3          }
  88   2        }
  89   1      }
  90          /*******************************************************************************
  91          * 函 数 名         : Delay10ms
  92          * 函数功能       : 延时函数，延时10ms
  93          * 输    入         : 无
  94          * 输    出         : 无
  95          *******************************************************************************/
  96          void Delay10ms(void)   //误差 0us
  97          {
  98   1          unsigned char a,b,c;
  99   1          for(c=1;c>0;c--)
 100   1              for(b=38;b>0;b--)
 101   1                  for(a=130;a>0;a--);
 102   1      }
 103          
 104          void Delay(unsigned int a)//0~65535
 105          {
 106   1        unsigned char b;
 107   1        for(;a>0;a--)
 108   1        {
 109   2          for(b=110;b>0;b--);
 110   2        }
 111   1      }


MODULE INFORMATION:   STATIC OVERLAYABLE
   CODE SIZE        =    177    ----
   CONSTANT SIZE    =     17    ----
C51 COMPILER V9.54   MAIN                                                                  11/03/2024 13:37:18 PAGE 3   

   XDATA SIZE       =   ----    ----
   PDATA SIZE       =   ----    ----
   DATA SIZE        =      1       1
   IDATA SIZE       =   ----    ----
   BIT SIZE         =   ----    ----
END OF MODULE INFORMATION.


C51 COMPILATION COMPLETE.  0 WARNING(S),  0 ERROR(S)
