C51 COMPILER V9.00   MAIN                                                                  12/26/2017 17:39:35 PAGE 1   


C51 COMPILER V9.00, COMPILATION OF MODULE MAIN
OBJECT MODULE PLACED IN main.OBJ
COMPILER INVOKED BY: E:\KeiluVision4\C51\BIN\C51.EXE main.c BROWSE DEBUG OBJECTEXTEND

line level    source

   1          #include<reg51.h>
   2          #include"st7565.h"
   3          //---存一个图片--//
   4          unsigned char code pic[]={
   5          /*--  宽度x高度=128x64  --*/
   6          0xFF,0xFF,0xFF,0xFF,0xFF,0xFF,0xFF,0xFF,0xFF,0xFF,0xFF,0xFF,0xFF,0xFF,0xFF,0x07,
   7          0x57,0x53,0x57,0x07,0xFF,0x0F,0xE3,0x0F,0xEF,0xFF,0xEF,0xEF,0xEF,0x03,0xEF,0xEF,
   8          0xEF,0x0F,0xE3,0x0F,0xEF,0xFF,0x77,0x77,0x17,0x57,0x57,0x53,0x57,0x57,0x17,0x77,
   9          0x77,0xFF,0xFB,0x8B,0xAB,0x83,0xAB,0x83,0xAB,0x8B,0xFF,0x37,0xDB,0xFF,0xFF,0xFF,
  10          0xFF,0xFF,0xFF,0xFF,0xFF,0xFF,0xFF,0xFF,0xFF,0xFF,0xFF,0xFF,0xFF,0xFF,0xFF,0x07,
  11          0x57,0x53,0x57,0x07,0xFF,0x0F,0xE3,0x0F,0xEF,0xFF,0xEF,0xEF,0xEF,0x03,0xEF,0xEF,
  12          0xEF,0x0F,0xE3,0x0F,0xEF,0xFF,0x77,0x77,0x17,0x57,0x57,0x53,0x57,0x57,0x17,0x77,
  13          0x77,0xFF,0xFB,0x8B,0xAB,0x83,0xAB,0x83,0xAB,0x8B,0xFF,0x37,0xDB,0xFF,0xFF,0xFF,
  14          0xFF,0xFF,0xFF,0xFF,0xFF,0xFF,0xFF,0xFF,0xFF,0xFF,0xFF,0xFF,0xFF,0xFF,0xEE,0xF5,
  15          0xFB,0xF4,0xEF,0xE0,0xFF,0xF4,0xFB,0xF4,0xEF,0xFF,0xE0,0xEE,0xEE,0xEE,0xEE,0xE0,
  16          0xFF,0xF4,0xFB,0xF5,0xEC,0xFF,0xE2,0xEF,0xEF,0xE1,0xFD,0xFD,0xFD,0xF9,0xF7,0xEF,
  17          0xEE,0xFF,0xEB,0xF2,0xFA,0xE2,0xEA,0xFA,0xF2,0xEB,0xFF,0xE0,0xFD,0xFF,0xFF,0xFF,
  18          0xFF,0xFF,0xFF,0xFF,0xFF,0xFF,0xFF,0xFF,0xFF,0xFF,0xFF,0xFF,0xFF,0xFF,0xEE,0xF5,
  19          0xFB,0xF4,0xEF,0xE0,0xFF,0xF4,0xFB,0xF4,0xEF,0xFF,0xE0,0xEE,0xEE,0xEE,0xEE,0xE0,
  20          0xFF,0xF4,0xFB,0xF5,0xEC,0xFF,0xE2,0xEF,0xEF,0xE1,0xFD,0xFD,0xFD,0xF9,0xF7,0xEF,
  21          0xEE,0xFF,0xEB,0xF2,0xFA,0xE2,0xEA,0xFA,0xF2,0xEB,0xFF,0xE0,0xFD,0xFF,0xFF,0xFF,
  22          0xFF,0xFF,0xFF,0xFF,0xFF,0xFF,0xFF,0xFF,0xFF,0xFF,0xFF,0xFF,0xFF,0xFF,0xFF,0xFF,
  23          0xFF,0xFF,0xFF,0xFF,0xE3,0x81,0x81,0xE3,0xFF,0xFF,0xDF,0xDD,0xD5,0x4D,0x9D,0x00,
  24          0x9D,0x4D,0xD5,0xDD,0xDF,0xFF,0xFB,0xFB,0x00,0xFB,0xFB,0x9B,0xEB,0xFB,0x0F,0xE9,
  25          0xEE,0xFF,0xEF,0xEE,0x2A,0xAA,0xAA,0xA8,0xA2,0x0A,0xAA,0x6E,0xEF,0xFF,0xFF,0xFF,
  26          0xFF,0xFF,0xFF,0xFF,0xFF,0xFF,0xFF,0xFF,0xFF,0xFF,0xFF,0xFF,0xFF,0xFF,0xFF,0xFF,
  27          0xFF,0xFF,0xFF,0xFF,0xE3,0x81,0x81,0xE3,0xFF,0xFF,0xDF,0xDD,0xD5,0x4D,0x9D,0x00,
  28          0x9D,0x4D,0xD5,0xDD,0xDF,0xFF,0xFB,0xFB,0x00,0xFB,0xFB,0x9B,0xEB,0xFB,0x0F,0xE9,
  29          0xEE,0xFF,0xEF,0xEE,0x2A,0xAA,0xAA,0xA8,0xA2,0x0A,0xAA,0x6E,0xEF,0xFF,0xFF,0xFF,
  30          0xFF,0xFF,0xFF,0xFF,0xFF,0xFF,0xFF,0xFF,0xFF,0xFF,0xFF,0xFF,0xFF,0xFF,0xFF,0xFF,
  31          0xFF,0xFF,0xFF,0xFF,0xFF,0xFC,0xFC,0xFF,0xFF,0xFF,0xFD,0xFD,0xFE,0xFF,0x7F,0x78,
  32          0x7F,0x7F,0xFE,0x7D,0x7D,0xBF,0xBB,0xBB,0xBA,0xBA,0x3A,0xBB,0xBB,0xBD,0xBE,0x7D,
  33          0x7B,0xBF,0xBF,0xBF,0x78,0xFA,0xFA,0xFA,0xFA,0xF8,0xFF,0xFF,0xFE,0xFF,0xFF,0xFF,
  34          0xFF,0xFF,0xFF,0xFF,0xFF,0xFF,0xFF,0xFF,0xFF,0xFF,0xFF,0xFF,0xFF,0xFF,0xFF,0xFF,
  35          0xFF,0xFF,0xFF,0xFF,0xFF,0xFC,0xFC,0xFF,0xFF,0xFF,0xFD,0xFD,0xFE,0xFF,0x7F,0x78,
  36          0x7F,0x7F,0xFE,0x7D,0x7D,0xBF,0xBB,0xBB,0xBA,0xBA,0x3A,0xBB,0xBB,0xBD,0xBE,0x7D,
  37          0x7B,0xBF,0xBF,0xBF,0x78,0xFA,0xFA,0xFA,0xFA,0xF8,0xFF,0xFF,0xFE,0xFF,0xFF,0xFF,
  38          0xFF,0xFF,0xFF,0xFF,0xFF,0xFF,0xFF,0xFF,0xFF,0xFF,0xFF,0xFF,0xFF,0xFF,0xFF,0xFF,
  39          0xFF,0xFF,0xFF,0xFF,0xFF,0xFF,0xFF,0xFF,0xFF,0xFF,0xFF,0x7F,0x87,0xF8,0xFF,0xFF,
  40          0xFF,0x7F,0x7E,0xBD,0xCF,0x73,0xBF,0xDB,0xDD,0xBD,0x7B,0xFE,0x7F,0xBB,0xDD,0xDD,
  41          0xBB,0x7F,0xE7,0x9F,0x5F,0xBE,0x7D,0x73,0xEF,0x9F,0x7F,0xFF,0xFF,0xFF,0xFF,0xFF,
  42          0xFF,0xFF,0xFF,0xFF,0xFF,0xFF,0xFF,0xFF,0xFF,0xFF,0xFF,0xFF,0xFF,0xFF,0xFF,0xFF,
  43          0xFF,0xFF,0xFF,0xFF,0xFF,0xFF,0xFF,0xFF,0xFF,0xFF,0xFF,0x7F,0x87,0xF8,0xFF,0xFF,
  44          0xFF,0x7F,0x7E,0xBD,0xCF,0x73,0xBF,0xDB,0xDD,0xBD,0x7B,0xFE,0x7F,0xBB,0xDD,0xDD,
  45          0xBB,0x7F,0xE7,0x9F,0x5F,0xBE,0x7D,0x73,0xEF,0x9F,0x7F,0xFF,0xFF,0xFF,0xFF,0xFF,
  46          0xFF,0xFF,0xFF,0xFF,0xFF,0xFF,0xFF,0xFF,0xFF,0xFF,0xFF,0xFF,0xFF,0xFF,0xFF,0xFF,
  47          0xFF,0xFF,0xFF,0xFF,0xFF,0xFF,0xFF,0xFF,0xFF,0xFF,0xFF,0xFC,0xFD,0x0D,0xF2,0xFC,
  48          0xFE,0xFF,0xFF,0xEF,0x1F,0x3E,0xDC,0xE8,0xEB,0xED,0xDE,0xD7,0xD6,0xD4,0x68,0x6B,
  49          0xED,0xF6,0xF7,0xEF,0x1F,0xFE,0xFD,0xF3,0x0E,0xFE,0xFE,0xFF,0xFF,0xFF,0xFF,0xFF,
  50          0xFF,0xFF,0xFF,0xFF,0xFF,0xFF,0xFF,0xFF,0xFF,0xFF,0xFF,0xFF,0xFF,0xFF,0xFF,0xFF,
  51          0xFF,0xFF,0xFF,0xFF,0xFF,0xFF,0xFF,0xFF,0xFF,0xFF,0xFF,0xFC,0xFD,0x0D,0xF2,0xFC,
  52          0xFE,0xFF,0xFF,0xEF,0x1F,0x3E,0xDC,0xE8,0xEB,0xED,0xDE,0xD7,0xD6,0xD4,0x68,0x6B,
  53          0xED,0xF6,0xF7,0xEF,0x1F,0xFE,0xFD,0xF3,0x0E,0xFE,0xFE,0xFF,0xFF,0xFF,0xFF,0xFF,
  54          0xFF,0xFF,0xFF,0xFF,0xC3,0x81,0x3C,0x7E,0xFE,0xFE,0xFD,0xF9,0xFD,0xFE,0xFA,0x66,
  55          0xBD,0x00,0x7E,0xFE,0xFE,0xFD,0xF9,0xFD,0xFE,0xFA,0x66,0xBD,0xC3,0xFF,0xFC,0x73,
C51 COMPILER V9.00   MAIN                                                                  12/26/2017 17:39:35 PAGE 2   

  56          0x37,0x2F,0xAF,0xDE,0xDF,0xBF,0xAC,0x9B,0xB7,0xB7,0x6C,0x6C,0x6F,0x6F,0xB6,0xB6,
  57          0xDB,0xCB,0xD5,0xAA,0x2F,0x37,0x7B,0xFC,0xFF,0xFF,0xFF,0xFF,0xFF,0xFF,0xFF,0xFF,
  58          0xFF,0xFF,0xFF,0xFF,0xC3,0x81,0x3C,0x7E,0xFE,0xFE,0xFD,0xF9,0xFD,0xFE,0xFA,0x66,
  59          0xBD,0x00,0x7E,0xFE,0xFE,0xFD,0xF9,0xFD,0xFE,0xFA,0x66,0xBD,0xC3,0xFF,0xFC,0x73,
  60          0x37,0x2F,0xAF,0xDE,0xDF,0xBF,0xAC,0x9B,0xB7,0xB7,0x6C,0x6C,0x6F,0x6F,0xB6,0xB6,
  61          0xDB,0xCB,0xD5,0xAA,0x2F,0x37,0x7B,0xFC,0xFF,0xFF,0xFF,0xFF,0xFF,0xFF,0xFF,0xFF,
  62          0xFF,0xFF,0xFF,0xFF,0xFF,0xFF,0xFF,0xFE,0xFC,0xF9,0xF3,0xF7,0xFB,0xFD,0xFE,0xFF,
  63          0xFF,0xFF,0xFE,0xFC,0xF9,0xF3,0xF7,0xFB,0xFD,0xFE,0xFF,0xDF,0xDF,0xC1,0xC8,0xDC,
  64          0xFF,0xF8,0xF7,0xEF,0xDF,0xF8,0xF2,0xF2,0xF8,0xFC,0xFE,0xFC,0xFC,0xFE,0xFC,0xF8,
  65          0xF2,0xD2,0xE8,0xF7,0xF8,0xFF,0xDC,0xC8,0xC1,0xC3,0xC7,0xFF,0xFF,0xFF,0xFF,0xFF,
  66          0xFF,0xFF,0xFF,0xFF,0xFF,0xFF,0xFF,0xFE,0xFC,0xF9,0xF3,0xF7,0xFB,0xFD,0xFE,0xFF,
  67          0xFF,0xFF,0xFE,0xFC,0xF9,0xF3,0xF7,0xFB,0xFD,0xFE,0xFF,0xDF,0xDF,0xC1,0xC8,0xDC,
  68          0xFF,0xF8,0xF7,0xEF,0xDF,0xF8,0xF2,0xF2,0xF8,0xFC,0xFE,0xFC,0xFC,0xFE,0xFC,0xF8,
  69          0xF2,0xD2,0xE8,0xF7,0xF8,0xFF,0xDC,0xC8,0xC1,0xC3,0xC7,0xFF,0xFF,0xFF,0xFF,0xFF,
  70          };
  71          
  72          /*******************************************************************************
  73          * 函 数 名         : main
  74          * 函数功能                 : 主函数
  75          * 输    入         : 无
  76          * 输    出         : 无
  77          *******************************************************************************/
  78          
  79          void main(void)
  80          {
  81   1              uchar i , j;
  82   1              uint n;
  83   1              Lcd12864_Init();        //初始化
  84   1              Lcd12864_ClearScreen(); //清屏
  85   1      
  86   1              for (i=0;i<8;i++)
  87   1              {  
  88   2                  //--设置初始显示开始位置--//
  89   2                      LcdSt7565_WriteCmd(0x40);
  90   2      
  91   2                      //--设置Y坐标--//
  92   2                      LcdSt7565_WriteCmd(0xB0+i);
  93   2                      
  94   2                      //--设置X坐标--// 
  95   2                      LcdSt7565_WriteCmd(0x10); 
  96   2                      LcdSt7565_WriteCmd(0x04); 
  97   2                      for(j=0; j<128; j++)
  98   2                      {
  99   3                              LcdSt7565_WriteData(~pic[n]);
 100   3                              n=n+1;
 101   3                      }
 102   2              }
 103   1              while (1)
 104   1              {
 105   2              }
 106   1      }


MODULE INFORMATION:   STATIC OVERLAYABLE
   CODE SIZE        =     94    ----
   CONSTANT SIZE    =   1024    ----
   XDATA SIZE       =   ----    ----
   PDATA SIZE       =   ----    ----
   DATA SIZE        =   ----       4
   IDATA SIZE       =   ----    ----
   BIT SIZE         =   ----    ----
END OF MODULE INFORMATION.

C51 COMPILER V9.00   MAIN                                                                  12/26/2017 17:39:35 PAGE 3   


C51 COMPILATION COMPLETE.  0 WARNING(S),  0 ERROR(S)
